2023-12-18 18:19:26,175 INFO werkzeug MainThread : [31m[1mWARNING: This is a development server. Do not use it in a production deployment. Use a production WSGI server instead.[0m
 * Running on http://127.0.0.1:5000
2023-12-18 18:19:26,175 INFO werkzeug MainThread : [33mPress CTRL+C to quit[0m
2023-12-18 18:19:44,559 INFO werkzeug MainThread : [31m[1mWARNING: This is a development server. Do not use it in a production deployment. Use a production WSGI server instead.[0m
 * Running on http://127.0.0.1:5000
2023-12-18 18:19:44,559 INFO werkzeug MainThread : [33mPress CTRL+C to quit[0m
2023-12-18 18:19:44,560 INFO werkzeug MainThread :  * Restarting with stat
2023-12-18 18:19:44,682 WARNING werkzeug MainThread :  * Debugger is active!
2023-12-18 18:19:44,683 INFO werkzeug MainThread :  * Debugger PIN: 861-527-171
2023-12-18 18:32:08,460 INFO app uWSGIWorker4Core0 : Info level log
2023-12-18 18:32:08,460 WARNING app uWSGIWorker4Core0 : Warning level log
2023-12-19 13:30:11,034 INFO app uWSGIWorker4Core0 : Info level log
2023-12-19 13:30:11,034 WARNING app uWSGIWorker4Core0 : Warning level log
2023-12-19 21:35:51,934 INFO werkzeug MainThread : [31m[1mWARNING: This is a development server. Do not use it in a production deployment. Use a production WSGI server instead.[0m
 * Running on http://127.0.0.1:5000
2023-12-19 21:35:51,934 INFO werkzeug MainThread : [33mPress CTRL+C to quit[0m
2023-12-19 21:35:51,935 INFO werkzeug MainThread :  * Restarting with stat
2023-12-19 21:35:52,079 WARNING werkzeug MainThread :  * Debugger is active!
2023-12-19 21:35:52,079 INFO werkzeug MainThread :  * Debugger PIN: 861-527-171
2023-12-19 21:36:26,376 INFO werkzeug MainThread : [31m[1mWARNING: This is a development server. Do not use it in a production deployment. Use a production WSGI server instead.[0m
 * Running on http://127.0.0.1:5000
2023-12-19 21:36:26,376 INFO werkzeug MainThread : [33mPress CTRL+C to quit[0m
2023-12-19 21:36:26,376 INFO werkzeug MainThread :  * Restarting with stat
2023-12-19 21:36:26,533 WARNING werkzeug MainThread :  * Debugger is active!
2023-12-19 21:36:26,534 INFO werkzeug MainThread :  * Debugger PIN: 861-527-171
2023-12-19 21:36:40,799 INFO werkzeug MainThread :  * Detected change in '/home/ajith/Documents/Learnings/Python_Learning/Flask_/app.py', reloading
2023-12-19 21:36:40,825 INFO werkzeug MainThread :  * Restarting with stat
2023-12-19 21:36:41,064 WARNING werkzeug MainThread :  * Debugger is active!
2023-12-19 21:36:41,065 INFO werkzeug MainThread :  * Debugger PIN: 861-527-171
2023-12-19 21:36:46,050 INFO werkzeug MainThread : [31m[1mWARNING: This is a development server. Do not use it in a production deployment. Use a production WSGI server instead.[0m
 * Running on http://127.0.0.1:5000
2023-12-19 21:36:46,050 INFO werkzeug MainThread : [33mPress CTRL+C to quit[0m
2023-12-19 21:36:46,051 INFO werkzeug MainThread :  * Restarting with stat
2023-12-19 21:36:46,224 WARNING werkzeug MainThread :  * Debugger is active!
2023-12-19 21:36:46,224 INFO werkzeug MainThread :  * Debugger PIN: 861-527-171
2023-12-19 21:38:06,254 INFO werkzeug MainThread :  * Detected change in '/home/ajith/Documents/Learnings/Python_Learning/Flask_/app.py', reloading
2023-12-19 21:38:06,273 INFO werkzeug MainThread :  * Restarting with stat
2023-12-19 21:38:06,444 WARNING werkzeug MainThread :  * Debugger is active!
2023-12-19 21:38:06,444 INFO werkzeug MainThread :  * Debugger PIN: 861-527-171
2023-12-19 21:38:09,219 INFO werkzeug MainThread : [31m[1mWARNING: This is a development server. Do not use it in a production deployment. Use a production WSGI server instead.[0m
 * Running on http://127.0.0.1:5000
2023-12-19 21:38:09,219 INFO werkzeug MainThread : [33mPress CTRL+C to quit[0m
2023-12-19 21:38:09,220 INFO werkzeug MainThread :  * Restarting with stat
2023-12-19 21:38:09,336 WARNING werkzeug MainThread :  * Debugger is active!
2023-12-19 21:38:09,337 INFO werkzeug MainThread :  * Debugger PIN: 861-527-171
2023-12-19 21:38:21,472 INFO werkzeug MainThread : [31m[1mWARNING: This is a development server. Do not use it in a production deployment. Use a production WSGI server instead.[0m
 * Running on http://localhost:5000
2023-12-19 21:38:21,472 INFO werkzeug MainThread : [33mPress CTRL+C to quit[0m
2023-12-19 21:38:21,472 INFO werkzeug MainThread :  * Restarting with stat
2023-12-19 21:38:21,591 WARNING werkzeug MainThread :  * Debugger is active!
2023-12-19 21:38:21,592 INFO werkzeug MainThread :  * Debugger PIN: 861-527-171
2023-12-19 21:38:56,737 INFO werkzeug MainThread :  * Detected change in '/home/ajith/Documents/Learnings/Python_Learning/Flask_/app.py', reloading
2023-12-19 21:38:56,761 INFO werkzeug MainThread :  * Restarting with stat
2023-12-19 21:38:56,872 WARNING werkzeug MainThread :  * Debugger is active!
2023-12-19 21:38:56,873 INFO werkzeug MainThread :  * Debugger PIN: 861-527-171
2023-12-19 21:39:00,682 INFO werkzeug MainThread : [31m[1mWARNING: This is a development server. Do not use it in a production deployment. Use a production WSGI server instead.[0m
 * Running on http://127.0.0.1:5000
2023-12-19 21:39:00,682 INFO werkzeug MainThread : [33mPress CTRL+C to quit[0m
2023-12-19 21:39:00,683 INFO werkzeug MainThread :  * Restarting with stat
2023-12-19 21:39:00,807 WARNING werkzeug MainThread :  * Debugger is active!
2023-12-19 21:39:00,808 INFO werkzeug MainThread :  * Debugger PIN: 861-527-171
2023-12-20 12:18:25,545 INFO app uWSGIWorker4Core0 : Info level log
2023-12-20 12:18:25,546 WARNING app uWSGIWorker4Core0 : Warning level log
2023-12-20 12:18:37,203 INFO werkzeug MainThread : [31m[1mWARNING: This is a development server. Do not use it in a production deployment. Use a production WSGI server instead.[0m
 * Running on http://127.0.0.1:5000
2023-12-20 12:18:37,203 INFO werkzeug MainThread : [33mPress CTRL+C to quit[0m
2023-12-20 18:05:08,865 INFO app uWSGIWorker3Core0 : Info level log
2023-12-20 18:05:08,865 WARNING app uWSGIWorker3Core0 : Warning level log
2023-12-20 18:16:52,095 INFO app uWSGIWorker1Core0 : Info level log
2023-12-20 18:16:52,105 WARNING app uWSGIWorker1Core0 : Warning level log
2023-12-20 18:17:28,513 INFO app uWSGIWorker2Core0 : Info level log
2023-12-20 18:17:28,513 WARNING app uWSGIWorker2Core0 : Warning level log
2023-12-20 18:30:11,719 INFO app uWSGIWorker1Core0 : Info level log
2023-12-20 18:30:11,719 WARNING app uWSGIWorker1Core0 : Warning level log
2023-12-20 18:30:37,259 INFO app uWSGIWorker4Core0 : Info level log
2023-12-20 18:30:37,259 WARNING app uWSGIWorker4Core0 : Warning level log
2023-12-20 18:35:23,804 INFO app uWSGIWorker2Core0 : Info level log
2023-12-20 18:35:23,804 WARNING app uWSGIWorker2Core0 : Warning level log
2023-12-20 18:35:26,962 INFO app uWSGIWorker3Core0 : Info level log
2023-12-20 18:35:26,962 WARNING app uWSGIWorker3Core0 : Warning level log
2023-12-20 18:35:44,786 INFO app uWSGIWorker3Core0 : Info level log
2023-12-20 18:35:44,786 WARNING app uWSGIWorker3Core0 : Warning level log
2023-12-20 18:35:46,963 INFO app uWSGIWorker4Core0 : Info level log
2023-12-20 18:35:46,964 WARNING app uWSGIWorker4Core0 : Warning level log
2023-12-20 18:35:48,996 INFO app uWSGIWorker4Core0 : Info level log
2023-12-20 18:35:48,996 WARNING app uWSGIWorker4Core0 : Warning level log
2023-12-20 18:36:15,885 INFO app uWSGIWorker4Core0 : Info level log
2023-12-20 18:36:15,885 WARNING app uWSGIWorker4Core0 : Warning level log
2023-12-20 18:37:40,627 INFO app uWSGIWorker4Core0 : Info level log
2023-12-20 18:37:40,627 WARNING app uWSGIWorker4Core0 : Warning level log
2023-12-20 18:37:52,485 INFO app uWSGIWorker4Core0 : Info level log
2023-12-20 18:37:52,489 WARNING app uWSGIWorker4Core0 : Warning level log
2023-12-20 18:41:19,455 INFO app uWSGIWorker4Core0 : Info level log
2023-12-20 18:41:19,455 WARNING app uWSGIWorker4Core0 : Warning level log
2023-12-20 18:41:46,498 INFO app uWSGIWorker2Core0 : Info level log
2023-12-20 18:41:46,498 WARNING app uWSGIWorker2Core0 : Warning level log
2023-12-20 18:41:48,260 INFO app uWSGIWorker2Core0 : Info level log
2023-12-20 18:41:48,260 WARNING app uWSGIWorker2Core0 : Warning level log
2023-12-20 18:41:51,613 INFO app uWSGIWorker3Core0 : Info level log
2023-12-20 18:41:51,614 WARNING app uWSGIWorker3Core0 : Warning level log
2023-12-20 18:41:57,342 INFO app uWSGIWorker2Core0 : Info level log
2023-12-20 18:41:57,342 WARNING app uWSGIWorker2Core0 : Warning level log
2023-12-20 18:42:06,042 INFO app uWSGIWorker1Core0 : Info level log
2023-12-20 18:42:06,051 WARNING app uWSGIWorker1Core0 : Warning level log
2023-12-20 18:42:48,371 INFO app uWSGIWorker3Core0 : Info level log
2023-12-20 18:42:48,372 WARNING app uWSGIWorker3Core0 : Warning level log
2023-12-20 18:42:54,087 INFO app uWSGIWorker2Core0 : Info level log
2023-12-20 18:42:54,088 WARNING app uWSGIWorker2Core0 : Warning level log
2023-12-20 18:43:01,383 INFO app uWSGIWorker1Core0 : Info level log
2023-12-20 18:43:01,383 WARNING app uWSGIWorker1Core0 : Warning level log
2023-12-20 18:51:47,237 INFO app uWSGIWorker1Core0 : Info level log
2023-12-20 18:51:47,237 WARNING app uWSGIWorker1Core0 : Warning level log
2023-12-20 18:51:50,374 INFO app uWSGIWorker4Core0 : Info level log
2023-12-20 18:51:50,375 WARNING app uWSGIWorker4Core0 : Warning level log
2023-12-20 18:52:19,131 INFO app uWSGIWorker3Core0 : Info level log
2023-12-20 18:52:19,132 WARNING app uWSGIWorker3Core0 : Warning level log
2023-12-21 11:47:52,019 INFO app uWSGIWorker2Core0 : Info level log
2023-12-21 11:47:52,019 WARNING app uWSGIWorker2Core0 : Warning level log
2023-12-21 11:49:54,220 INFO app uWSGIWorker1Core0 : Info level log
2023-12-21 11:49:54,220 WARNING app uWSGIWorker1Core0 : Warning level log
2023-12-21 11:55:21,583 INFO app uWSGIWorker3Core0 : Info level log
2023-12-21 11:55:21,583 WARNING app uWSGIWorker3Core0 : Warning level log
2023-12-21 11:55:44,277 INFO app uWSGIWorker2Core0 : Info level log
2023-12-21 11:55:44,277 WARNING app uWSGIWorker2Core0 : Warning level log
2023-12-21 11:58:05,804 INFO app uWSGIWorker4Core0 : Info level log
2023-12-21 11:58:05,804 WARNING app uWSGIWorker4Core0 : Warning level log
2023-12-21 12:03:51,721 INFO app uWSGIWorker2Core0 : Info level log
2023-12-21 12:03:51,721 WARNING app uWSGIWorker2Core0 : Warning level log
2023-12-21 12:04:01,581 INFO app uWSGIWorker2Core0 : Info level log
2023-12-21 12:04:01,582 WARNING app uWSGIWorker2Core0 : Warning level log
2023-12-21 12:05:17,803 INFO app uWSGIWorker2Core0 : Info level log
2023-12-21 12:05:17,803 WARNING app uWSGIWorker2Core0 : Warning level log
2023-12-21 12:05:42,584 INFO app uWSGIWorker2Core0 : Info level log
2023-12-21 12:05:42,584 WARNING app uWSGIWorker2Core0 : Warning level log
2023-12-21 12:09:17,141 INFO app uWSGIWorker2Core0 : Info level log
2023-12-21 12:09:17,141 WARNING app uWSGIWorker2Core0 : Warning level log
2023-12-21 12:09:29,911 INFO app uWSGIWorker2Core0 : Info level log
2023-12-21 12:09:29,911 WARNING app uWSGIWorker2Core0 : Warning level log
2023-12-21 12:21:30,640 INFO app uWSGIWorker1Core0 : Info level log
2023-12-21 12:21:30,641 WARNING app uWSGIWorker1Core0 : Warning level log
2023-12-21 13:11:30,389 INFO app uWSGIWorker1Core0 : Info level log
2023-12-21 13:11:30,389 WARNING app uWSGIWorker1Core0 : Warning level log
2023-12-21 13:11:54,363 INFO app uWSGIWorker1Core0 : Info level log
2023-12-21 13:11:54,373 WARNING app uWSGIWorker1Core0 : Warning level log
2023-12-21 13:12:56,803 INFO app uWSGIWorker2Core0 : Info level log
2023-12-21 13:12:56,803 WARNING app uWSGIWorker2Core0 : Warning level log
2023-12-21 13:13:18,471 INFO app uWSGIWorker1Core0 : Info level log
2023-12-21 13:13:18,471 WARNING app uWSGIWorker1Core0 : Warning level log
2023-12-21 18:36:03,507 INFO app uWSGIWorker1Core0 : Info level log
2023-12-21 18:36:03,517 WARNING app uWSGIWorker1Core0 : Warning level log
2023-12-21 18:47:30,695 INFO app uWSGIWorker1Core0 : Info level log
2023-12-21 18:47:30,696 WARNING app uWSGIWorker1Core0 : Warning level log
2023-12-21 18:51:09,643 INFO app uWSGIWorker1Core0 : Info level log
2023-12-21 18:51:09,643 WARNING app uWSGIWorker1Core0 : Warning level log
2023-12-21 19:12:03,524 INFO app uWSGIWorker1Core0 : Info level log
2023-12-21 19:12:03,524 WARNING app uWSGIWorker1Core0 : Warning level log
2023-12-23 10:00:40,022 ERROR app uWSGIWorker1Core0 : Exception on /view/index [GET]
Traceback (most recent call last):
  File "/home/ajith/Documents/Learnings/Python_Learning/Flask_/venv/lib/python3.8/site-packages/flask/app.py", line 1455, in wsgi_app
    response = self.full_dispatch_request()
  File "/home/ajith/Documents/Learnings/Python_Learning/Flask_/venv/lib/python3.8/site-packages/flask/app.py", line 869, in full_dispatch_request
    rv = self.handle_user_exception(e)
  File "/home/ajith/Documents/Learnings/Python_Learning/Flask_/venv/lib/python3.8/site-packages/flask_cors/extension.py", line 176, in wrapped_function
    return cors_after_request(app.make_response(f(*args, **kwargs)))
  File "/home/ajith/Documents/Learnings/Python_Learning/Flask_/venv/lib/python3.8/site-packages/flask/app.py", line 867, in full_dispatch_request
    rv = self.dispatch_request()
  File "/home/ajith/Documents/Learnings/Python_Learning/Flask_/venv/lib/python3.8/site-packages/flask/app.py", line 852, in dispatch_request
    return self.ensure_sync(self.view_functions[rule.endpoint])(**view_args)
  File "/home/ajith/Documents/Learnings/Python_Learning/FlaskRespository/FlaskAPP/./view/view.py", line 7, in index
    app.logger.info('Rendering Index page...!')
NameError: name 'app' is not defined
2023-12-23 10:01:40,584 INFO app uWSGIWorker1Core0 : Rendering Index page...!
2023-12-23 10:01:40,585 ERROR app uWSGIWorker1Core0 : Exception on /view/index [GET]
Traceback (most recent call last):
  File "/home/ajith/Documents/Learnings/Python_Learning/Flask_/venv/lib/python3.8/site-packages/flask/app.py", line 1455, in wsgi_app
    response = self.full_dispatch_request()
  File "/home/ajith/Documents/Learnings/Python_Learning/Flask_/venv/lib/python3.8/site-packages/flask/app.py", line 869, in full_dispatch_request
    rv = self.handle_user_exception(e)
  File "/home/ajith/Documents/Learnings/Python_Learning/Flask_/venv/lib/python3.8/site-packages/flask_cors/extension.py", line 176, in wrapped_function
    return cors_after_request(app.make_response(f(*args, **kwargs)))
  File "/home/ajith/Documents/Learnings/Python_Learning/Flask_/venv/lib/python3.8/site-packages/flask/app.py", line 867, in full_dispatch_request
    rv = self.dispatch_request()
  File "/home/ajith/Documents/Learnings/Python_Learning/Flask_/venv/lib/python3.8/site-packages/flask/app.py", line 852, in dispatch_request
    return self.ensure_sync(self.view_functions[rule.endpoint])(**view_args)
  File "/home/ajith/Documents/Learnings/Python_Learning/FlaskRespository/FlaskAPP/./view/view.py", line 8, in index
    return render_template('index.html', utc_dt=datetime.datetime.utcnow())
NameError: name 'render_template' is not defined
2023-12-23 10:01:44,473 INFO app uWSGIWorker1Core0 : Rendering Index page...!
2023-12-23 10:01:44,473 ERROR app uWSGIWorker1Core0 : Exception on /view/index [GET]
Traceback (most recent call last):
  File "/home/ajith/Documents/Learnings/Python_Learning/Flask_/venv/lib/python3.8/site-packages/flask/app.py", line 1455, in wsgi_app
    response = self.full_dispatch_request()
  File "/home/ajith/Documents/Learnings/Python_Learning/Flask_/venv/lib/python3.8/site-packages/flask/app.py", line 869, in full_dispatch_request
    rv = self.handle_user_exception(e)
  File "/home/ajith/Documents/Learnings/Python_Learning/Flask_/venv/lib/python3.8/site-packages/flask_cors/extension.py", line 176, in wrapped_function
    return cors_after_request(app.make_response(f(*args, **kwargs)))
  File "/home/ajith/Documents/Learnings/Python_Learning/Flask_/venv/lib/python3.8/site-packages/flask/app.py", line 867, in full_dispatch_request
    rv = self.dispatch_request()
  File "/home/ajith/Documents/Learnings/Python_Learning/Flask_/venv/lib/python3.8/site-packages/flask/app.py", line 852, in dispatch_request
    return self.ensure_sync(self.view_functions[rule.endpoint])(**view_args)
  File "/home/ajith/Documents/Learnings/Python_Learning/FlaskRespository/FlaskAPP/./view/view.py", line 8, in index
    return render_template('index.html', utc_dt=datetime.datetime.utcnow())
NameError: name 'render_template' is not defined
2023-12-23 10:02:17,745 INFO app uWSGIWorker1Core0 : Rendering Index page...!
2023-12-23 10:02:17,745 ERROR app uWSGIWorker1Core0 : Exception on /view/index [GET]
Traceback (most recent call last):
  File "/home/ajith/Documents/Learnings/Python_Learning/Flask_/venv/lib/python3.8/site-packages/flask/app.py", line 1455, in wsgi_app
    response = self.full_dispatch_request()
  File "/home/ajith/Documents/Learnings/Python_Learning/Flask_/venv/lib/python3.8/site-packages/flask/app.py", line 869, in full_dispatch_request
    rv = self.handle_user_exception(e)
  File "/home/ajith/Documents/Learnings/Python_Learning/Flask_/venv/lib/python3.8/site-packages/flask_cors/extension.py", line 176, in wrapped_function
    return cors_after_request(app.make_response(f(*args, **kwargs)))
  File "/home/ajith/Documents/Learnings/Python_Learning/Flask_/venv/lib/python3.8/site-packages/flask/app.py", line 867, in full_dispatch_request
    rv = self.dispatch_request()
  File "/home/ajith/Documents/Learnings/Python_Learning/Flask_/venv/lib/python3.8/site-packages/flask/app.py", line 852, in dispatch_request
    return self.ensure_sync(self.view_functions[rule.endpoint])(**view_args)
  File "/home/ajith/Documents/Learnings/Python_Learning/FlaskRespository/FlaskAPP/./view/view.py", line 8, in index
    return render_template('index.html', utc_dt=datetime.datetime.utcnow())
NameError: name 'datetime' is not defined
2023-12-23 10:02:56,643 INFO app uWSGIWorker1Core0 : Rendering Index page...!
2023-12-23 10:07:12,094 ERROR app uWSGIWorker1Core0 : Exception on /view/index [GET]
Traceback (most recent call last):
  File "/home/ajith/Documents/Learnings/Python_Learning/Flask_/venv/lib/python3.8/site-packages/flask/app.py", line 1455, in wsgi_app
    response = self.full_dispatch_request()
  File "/home/ajith/Documents/Learnings/Python_Learning/Flask_/venv/lib/python3.8/site-packages/flask/app.py", line 869, in full_dispatch_request
    rv = self.handle_user_exception(e)
  File "/home/ajith/Documents/Learnings/Python_Learning/Flask_/venv/lib/python3.8/site-packages/flask_cors/extension.py", line 176, in wrapped_function
    return cors_after_request(app.make_response(f(*args, **kwargs)))
  File "/home/ajith/Documents/Learnings/Python_Learning/Flask_/venv/lib/python3.8/site-packages/flask/app.py", line 867, in full_dispatch_request
    rv = self.dispatch_request()
  File "/home/ajith/Documents/Learnings/Python_Learning/Flask_/venv/lib/python3.8/site-packages/flask/app.py", line 852, in dispatch_request
    return self.ensure_sync(self.view_functions[rule.endpoint])(**view_args)
  File "/home/ajith/Documents/Learnings/Python_Learning/FlaskRespository/FlaskAPP/./view/routes/routes.py", line 7, in index
    app.logger.info('Rendering Index page...!')
NameError: name 'app' is not defined
2023-12-23 10:07:32,001 INFO app uWSGIWorker1Core0 : Rendering Index page...!
2023-12-23 10:09:43,882 INFO app uWSGIWorker1Core0 : Rendering Index page...!
2023-12-23 10:09:45,124 INFO app uWSGIWorker1Core0 : Rendering Index page...!
